2024-05-07 09:31:27 [ERROR] Failed to connect - 25733
2024-05-07 09:31:27 [DEBUG]  - 6751
2024-05-07 09:31:27 [DEBUG]  - 16343
2024-05-07 09:31:27 [INFO]  - 10109
2024-05-07 09:31:27 [DEBUG]  - 1787
2024-05-07 09:31:27 [ERROR] Segmentation fault - 26760
2024-05-07 09:31:27 [CRITICAL]  - 10033
2024-05-07 09:31:27 [WARNING]  - 854
2024-05-07 09:31:27 [INFO]  - 26910
2024-05-07 09:31:27 [ERROR] Disk full - 31315
2024-05-07 09:31:27 [INFO]  - 29638
2024-05-07 09:31:27 [INFO]  - 27065
2024-05-07 09:31:27 [CRITICAL]  - 26181
2024-05-07 09:31:27 [DEBUG]  - 21428
2024-05-07 09:31:27 [WARNING]  - 24215
2024-05-07 09:31:27 [DEBUG]  - 22844
2024-05-07 09:31:27 [CRITICAL]  - 22344
2024-05-07 09:31:27 [CRITICAL]  - 9368
2024-05-07 09:31:27 [WARNING]  - 24987
2024-05-07 09:31:27 [INFO]  - 12146
2024-05-07 09:31:27 [DEBUG]  - 14718
2024-05-07 09:31:27 [CRITICAL]  - 15746
2024-05-07 09:31:27 [DEBUG]  - 7000
2024-05-07 09:31:27 [WARNING]  - 3145
2024-05-07 09:31:27 [DEBUG]  - 29357
2024-05-07 09:31:27 [CRITICAL]  - 6632
2024-05-07 09:31:27 [CRITICAL]  - 4282
2024-05-07 09:31:27 [WARNING]  - 20711
2024-05-07 09:31:27 [WARNING]  - 3884
2024-05-07 09:31:27 [INFO]  - 24746
2024-05-07 09:31:27 [DEBUG]  - 14050
2024-05-07 09:31:27 [DEBUG]  - 12200
2024-05-07 09:31:27 [ERROR] Invalid input - 9041
2024-05-07 09:31:27 [INFO]  - 19026
2024-05-07 09:31:27 [CRITICAL]  - 2603
2024-05-07 09:31:27 [INFO]  - 22301
2024-05-07 09:31:27 [ERROR] Failed to connect - 17472
2024-05-07 09:31:27 [WARNING]  - 4545
2024-05-07 09:31:27 [DEBUG]  - 1918
2024-05-07 09:31:27 [DEBUG]  - 30736
2024-05-07 09:31:27 [WARNING]  - 15742
2024-05-07 09:31:27 [WARNING]  - 28482
2024-05-07 09:31:27 [CRITICAL]  - 3205
2024-05-07 09:31:27 [ERROR] Disk full - 2716
2024-05-07 09:31:27 [ERROR] Segmentation fault - 1852
2024-05-07 09:31:27 [ERROR] Failed to connect - 6454
2024-05-07 09:31:27 [DEBUG]  - 22269
2024-05-07 09:31:27 [INFO]  - 15826
2024-05-07 09:31:27 [WARNING]  - 25809
2024-05-07 09:31:27 [INFO]  - 23392
2024-05-07 09:31:27 [INFO]  - 12895
2024-05-07 09:31:27 [WARNING]  - 29712
2024-05-07 09:31:27 [INFO]  - 21485
2024-05-07 09:31:27 [ERROR] Failed to connect - 16194
2024-05-07 09:31:27 [CRITICAL]  - 24052
2024-05-07 09:31:27 [INFO]  - 18989
2024-05-07 09:31:27 [INFO]  - 16704
2024-05-07 09:31:27 [ERROR] Disk full - 20760
2024-05-07 09:31:27 [CRITICAL]  - 32326
2024-05-07 09:31:27 [CRITICAL]  - 14466
2024-05-07 09:31:27 [CRITICAL]  - 46
2024-05-07 09:31:27 [DEBUG]  - 26011
2024-05-07 09:31:27 [INFO]  - 2084
2024-05-07 09:31:27 [WARNING]  - 11653
2024-05-07 09:31:27 [INFO]  - 16791
2024-05-07 09:31:27 [INFO]  - 16157
2024-05-07 09:31:27 [ERROR] Disk full - 9071
2024-05-07 09:31:27 [WARNING]  - 20531
2024-05-07 09:31:27 [CRITICAL]  - 8236
2024-05-07 09:31:27 [WARNING]  - 25355
2024-05-07 09:31:27 [CRITICAL]  - 1435
2024-05-07 09:31:27 [WARNING]  - 15630
2024-05-07 09:31:27 [DEBUG]  - 12689
2024-05-07 09:31:27 [DEBUG]  - 20133
2024-05-07 09:31:27 [WARNING]  - 3068
2024-05-07 09:31:27 [CRITICAL]  - 13891
2024-05-07 09:31:27 [INFO]  - 10850
2024-05-07 09:31:27 [INFO]  - 17752
2024-05-07 09:31:27 [INFO]  - 1845
2024-05-07 09:31:27 [CRITICAL]  - 19552
2024-05-07 09:31:27 [DEBUG]  - 22382
2024-05-07 09:31:27 [WARNING]  - 18643
2024-05-07 09:31:27 [WARNING]  - 19660
2024-05-07 09:31:27 [DEBUG]  - 30431
2024-05-07 09:31:27 [WARNING]  - 31393
2024-05-07 09:31:27 [INFO]  - 14258
2024-05-07 09:31:27 [WARNING]  - 4098
2024-05-07 09:31:27 [ERROR] Out of memory - 10127
2024-05-07 09:31:27 [WARNING]  - 16390
2024-05-07 09:31:27 [WARNING]  - 20830
2024-05-07 09:31:27 [DEBUG]  - 30735
2024-05-07 09:31:27 [CRITICAL]  - 3719
2024-05-07 09:31:27 [WARNING]  - 7441
2024-05-07 09:31:27 [ERROR] Out of memory - 30623
2024-05-07 09:31:27 [DEBUG]  - 6303
2024-05-07 09:31:27 [DEBUG]  - 15452
2024-05-07 09:31:27 [ERROR] Invalid input - 4775
2024-05-07 09:31:27 [ERROR] Failed to connect - 12842
2024-05-07 09:31:27 [ERROR] Out of memory - 24696
2024-05-07 09:31:27 [CRITICAL]  - 414
